********************************************************************************
DUPLICATOR-LITE PACKAGE-LOG: May 26, 2020 7:42 pm
NOTICE: Do NOT post to public sites or forums 
********************************************************************************
VERSION:	1.3.34
WORDPRESS:	5.4.1
PHP INFO:	7.4.2 | SAPI: apache2handler
SERVER:		Apache/2.2.34 (Unix) mod_wsgi/3.5 Python/2.7.13 PHP/7.4.2 mod_ssl/2.2.34 OpenSSL/1.0.2o DAV/2 mod_fastcgi/mod_fastcgi-SNAP-0910052141 mod_perl/2.0.11 Perl/v5.24.0 
PHP TIME LIMIT: (0) no time limit imposed 
PHP MAX MEMORY: 4294967296 (128M default) 
MEMORY STACK: 28MB

********************************************************************************
DATABASE:
********************************************************************************
BUILD MODE:   PHP(query limit - 100)
MYSQLTIMEOUT: 5000
MYSQLDUMP:    Not Supported
TABLES: total:18 | filtered:0 | create:18
FILTERED: []
SQL CREATED: 20200526_wpexemplar_79ce7656eb1b969c3355_20200526194210_database.sql
SQL FILE SIZE: 2.92MB (3064003)
SQL FILE TIME: 2020-05-26 19:42:19
SQL RUNTIME: 0.21 sec.

********************************************************************************
ARCHIVE (ZIP):
********************************************************************************
ARCHIVE DIR:  /Users/Artist5/Documents/Development/wp-sites/wpsites/BPexample
ARCHIVE FILE: 20200526_wpexemplar_79ce7656eb1b969c3355_20200526194210_archive.zip
FILTERS: *OFF*
DIRS:
	not set
FILES:
	not set
EXTS:  not set
----------------------------------------
COMPRESSING
SIZE:	96.59MB
STATS:	Dirs 663 | Files 4,026
SQL ADDED: 20200526_wpexemplar_79ce7656eb1b969c3355_20200526194210_database.sql
ZipArchive Object
(
    [status] => 0
    [statusSys] => 0
    [numFiles] => 4689
    [filename] => /Users/Artist5/Documents/Development/wp-sites/wpsites/BPexample/wp-snapshots/tmp/20200526_wpexemplar_79ce7656eb1b969c3355_20200526194210_archive.zip
    [comment] => 
)

FILE ADDED TO ZIP: 4688
COMPRESSION RESULT: '1'
COMPRESSED SIZE: 42.9MB
ARCHIVE RUNTIME: 12.50 sec.
MEMORY STACK: 30MB
building installer
add_extra_files1
add_extra_files2
add_extra_files3
add_extra_files4
Doing archive file check
add_extra_files5
add_extra_files6
add_extra_files8
Successfully opened zip /Users/Artist5/Documents/Development/wp-sites/wpsites/BPexample/wp-snapshots/tmp/20200526_wpexemplar_79ce7656eb1b969c3355_20200526194210_archive.zip
Adding enhanced installer files to archive using ZipArchive
Installer files added to archive
Added to archive
After ziparchive close when adding installer

********************************************************************************
INTEGRITY CHECKS:
********************************************************************************
SQL FILE: 2.92MB
INSTALLER FILE: 61.32KB
ARCHIVE FILE: 44.39MB 
EXPECTED FILE/DIRECTORY COUNT: 4,689
ACTUAL FILE/DIRECTORY COUNT: 4,688
ARCHIVE CONSISTENCY TEST: Pass

********************************************************************************
RECORD ID:[1]
TOTAL PROCESS RUNTIME: 15.85 sec.
PEAK PHP MEMORY USED: 34MB
DONE PROCESSING => 20200526_wpexemplar May 26, 2020 7:42 pm

